{"current_thread":{"thread_id":[]},"event_id":0,"event":"Sender","channel_flavor":"Unbounded","chan_id":{"det_thread_id":{"thread_id":[]},"channel_id":2},"type_name":""}
{"current_thread":{"thread_id":[0]},"event_id":0,"event":{"IpcSelectAdd":4611},"channel_flavor":"Ipc","chan_id":{"det_thread_id":{"thread_id":[]},"channel_id":3},"type_name":""}
{"current_thread":{"thread_id":[]},"event_id":1,"event":"IpcSender","channel_flavor":"Ipc","chan_id":{"det_thread_id":{"thread_id":[]},"channel_id":3},"type_name":""}
{"current_thread":{"thread_id":[]},"event_id":2,"event":"IpcSender","channel_flavor":"Ipc","chan_id":{"det_thread_id":{"thread_id":[]},"channel_id":0},"type_name":""}
{"current_thread":{"thread_id":[0]},"event_id":1,"event":{"IpcSelect":{"select_events":[{"MessageReceived":[4611,{"thread_id":[]}]}]}},"channel_flavor":"IpcSelect","chan_id":{"det_thread_id":null,"channel_id":0},"type_name":"IpcSelect"}
{"current_thread":{"thread_id":[0]},"event_id":2,"event":{"RecvSucc":{"sender_thread":{"thread_id":[]}}},"channel_flavor":"Unbounded","chan_id":{"det_thread_id":{"thread_id":[]},"channel_id":2},"type_name":""}
{"current_thread":{"thread_id":[0]},"event_id":3,"event":{"IpcSelectAdd":2307},"channel_flavor":"Ipc","chan_id":{"det_thread_id":{"thread_id":[]},"channel_id":0},"type_name":""}
{"current_thread":{"thread_id":[0]},"event_id":4,"event":{"IpcSelect":{"select_events":[{"MessageReceived":[2307,{"thread_id":[]}]}]}},"channel_flavor":"IpcSelect","chan_id":{"det_thread_id":null,"channel_id":0},"type_name":"IpcSelect"}
{"current_thread":{"thread_id":[0]},"event_id":5,"event":"Sender","channel_flavor":"Unbounded","chan_id":{"det_thread_id":{"thread_id":[]},"channel_id":1},"type_name":""}
{"current_thread":{"thread_id":[]},"event_id":3,"event":{"RecvSucc":{"sender_thread":{"thread_id":[]}}},"channel_flavor":"Unbounded","chan_id":{"det_thread_id":{"thread_id":[]},"channel_id":1},"type_name":""}
{"current_thread":{"thread_id":[]},"event_id":4,"event":"IpcSender","channel_flavor":"Ipc","chan_id":{"det_thread_id":{"thread_id":[]},"channel_id":0},"type_name":""}
{"current_thread":{"thread_id":[0]},"event_id":6,"event":{"IpcSelect":{"select_events":[{"MessageReceived":[2307,{"thread_id":[]}]}]}},"channel_flavor":"IpcSelect","chan_id":{"det_thread_id":null,"channel_id":0},"type_name":"IpcSelect"}
{"current_thread":{"thread_id":[0]},"event_id":7,"event":"Sender","channel_flavor":"Unbounded","chan_id":{"det_thread_id":{"thread_id":[]},"channel_id":1},"type_name":""}
{"current_thread":{"thread_id":[]},"event_id":5,"event":{"RecvSucc":{"sender_thread":{"thread_id":[]}}},"channel_flavor":"Unbounded","chan_id":{"det_thread_id":{"thread_id":[]},"channel_id":1},"type_name":""}
{"current_thread":{"thread_id":[]},"event_id":6,"event":"IpcSender","channel_flavor":"Ipc","chan_id":{"det_thread_id":{"thread_id":[]},"channel_id":0},"type_name":""}
{"current_thread":{"thread_id":[0]},"event_id":8,"event":{"IpcSelect":{"select_events":[{"MessageReceived":[2307,{"thread_id":[]}]}]}},"channel_flavor":"IpcSelect","chan_id":{"det_thread_id":null,"channel_id":0},"type_name":"IpcSelect"}
{"current_thread":{"thread_id":[0]},"event_id":9,"event":"Sender","channel_flavor":"Unbounded","chan_id":{"det_thread_id":{"thread_id":[]},"channel_id":1},"type_name":""}
{"current_thread":{"thread_id":[]},"event_id":7,"event":{"RecvSucc":{"sender_thread":{"thread_id":[]}}},"channel_flavor":"Unbounded","chan_id":{"det_thread_id":{"thread_id":[]},"channel_id":1},"type_name":""}
{"current_thread":{"thread_id":[]},"event_id":8,"event":"IpcSender","channel_flavor":"Ipc","chan_id":{"det_thread_id":{"thread_id":[]},"channel_id":0},"type_name":""}
{"current_thread":{"thread_id":[0]},"event_id":10,"event":{"IpcSelect":{"select_events":[{"MessageReceived":[2307,{"thread_id":[]}]}]}},"channel_flavor":"IpcSelect","chan_id":{"det_thread_id":null,"channel_id":0},"type_name":"IpcSelect"}
{"current_thread":{"thread_id":[0]},"event_id":11,"event":"Sender","channel_flavor":"Unbounded","chan_id":{"det_thread_id":{"thread_id":[]},"channel_id":1},"type_name":""}
{"current_thread":{"thread_id":[]},"event_id":9,"event":{"RecvSucc":{"sender_thread":{"thread_id":[]}}},"channel_flavor":"Unbounded","chan_id":{"det_thread_id":{"thread_id":[]},"channel_id":1},"type_name":""}
{"current_thread":{"thread_id":[]},"event_id":10,"event":"IpcSender","channel_flavor":"Ipc","chan_id":{"det_thread_id":{"thread_id":[]},"channel_id":0},"type_name":""}
{"current_thread":{"thread_id":[0]},"event_id":12,"event":{"IpcSelect":{"select_events":[{"MessageReceived":[2307,{"thread_id":[]}]}]}},"channel_flavor":"IpcSelect","chan_id":{"det_thread_id":null,"channel_id":0},"type_name":"IpcSelect"}
{"current_thread":{"thread_id":[0]},"event_id":13,"event":"Sender","channel_flavor":"Unbounded","chan_id":{"det_thread_id":{"thread_id":[]},"channel_id":1},"type_name":""}
{"current_thread":{"thread_id":[]},"event_id":11,"event":{"RecvSucc":{"sender_thread":{"thread_id":[]}}},"channel_flavor":"Unbounded","chan_id":{"det_thread_id":{"thread_id":[]},"channel_id":1},"type_name":""}
{"current_thread":{"thread_id":[]},"event_id":12,"event":"IpcSender","channel_flavor":"Ipc","chan_id":{"det_thread_id":{"thread_id":[]},"channel_id":0},"type_name":""}
{"current_thread":{"thread_id":[0]},"event_id":14,"event":{"IpcSelect":{"select_events":[{"MessageReceived":[2307,{"thread_id":[]}]}]}},"channel_flavor":"IpcSelect","chan_id":{"det_thread_id":null,"channel_id":0},"type_name":"IpcSelect"}
{"current_thread":{"thread_id":[0]},"event_id":15,"event":"Sender","channel_flavor":"Unbounded","chan_id":{"det_thread_id":{"thread_id":[]},"channel_id":1},"type_name":""}
{"current_thread":{"thread_id":[]},"event_id":13,"event":{"RecvSucc":{"sender_thread":{"thread_id":[]}}},"channel_flavor":"Unbounded","chan_id":{"det_thread_id":{"thread_id":[]},"channel_id":1},"type_name":""}
{"current_thread":{"thread_id":[]},"event_id":14,"event":"IpcSender","channel_flavor":"Ipc","chan_id":{"det_thread_id":{"thread_id":[]},"channel_id":0},"type_name":""}
{"current_thread":{"thread_id":[0]},"event_id":16,"event":{"IpcSelect":{"select_events":[{"MessageReceived":[2307,{"thread_id":[]}]}]}},"channel_flavor":"IpcSelect","chan_id":{"det_thread_id":null,"channel_id":0},"type_name":"IpcSelect"}
{"current_thread":{"thread_id":[0]},"event_id":17,"event":"Sender","channel_flavor":"Unbounded","chan_id":{"det_thread_id":{"thread_id":[]},"channel_id":1},"type_name":""}
{"current_thread":{"thread_id":[]},"event_id":15,"event":{"RecvSucc":{"sender_thread":{"thread_id":[]}}},"channel_flavor":"Unbounded","chan_id":{"det_thread_id":{"thread_id":[]},"channel_id":1},"type_name":""}
{"current_thread":{"thread_id":[]},"event_id":16,"event":"IpcSender","channel_flavor":"Ipc","chan_id":{"det_thread_id":{"thread_id":[]},"channel_id":0},"type_name":""}
{"current_thread":{"thread_id":[0]},"event_id":18,"event":{"IpcSelect":{"select_events":[{"MessageReceived":[2307,{"thread_id":[]}]}]}},"channel_flavor":"IpcSelect","chan_id":{"det_thread_id":null,"channel_id":0},"type_name":"IpcSelect"}
{"current_thread":{"thread_id":[0]},"event_id":19,"event":"Sender","channel_flavor":"Unbounded","chan_id":{"det_thread_id":{"thread_id":[]},"channel_id":1},"type_name":""}
{"current_thread":{"thread_id":[]},"event_id":17,"event":{"RecvSucc":{"sender_thread":{"thread_id":[]}}},"channel_flavor":"Unbounded","chan_id":{"det_thread_id":{"thread_id":[]},"channel_id":1},"type_name":""}
{"current_thread":{"thread_id":[]},"event_id":18,"event":"IpcSender","channel_flavor":"Ipc","chan_id":{"det_thread_id":{"thread_id":[]},"channel_id":0},"type_name":""}
{"current_thread":{"thread_id":[0]},"event_id":20,"event":{"IpcSelect":{"select_events":[{"MessageReceived":[2307,{"thread_id":[]}]}]}},"channel_flavor":"IpcSelect","chan_id":{"det_thread_id":null,"channel_id":0},"type_name":"IpcSelect"}
{"current_thread":{"thread_id":[0]},"event_id":21,"event":"Sender","channel_flavor":"Unbounded","chan_id":{"det_thread_id":{"thread_id":[]},"channel_id":1},"type_name":""}
{"current_thread":{"thread_id":[]},"event_id":19,"event":{"RecvSucc":{"sender_thread":{"thread_id":[]}}},"channel_flavor":"Unbounded","chan_id":{"det_thread_id":{"thread_id":[]},"channel_id":1},"type_name":""}
{"current_thread":{"thread_id":[]},"event_id":20,"event":"IpcSender","channel_flavor":"Ipc","chan_id":{"det_thread_id":{"thread_id":[]},"channel_id":0},"type_name":""}
{"current_thread":{"thread_id":[0]},"event_id":22,"event":{"IpcSelect":{"select_events":[{"MessageReceived":[2307,{"thread_id":[]}]}]}},"channel_flavor":"IpcSelect","chan_id":{"det_thread_id":null,"channel_id":0},"type_name":"IpcSelect"}
{"current_thread":{"thread_id":[0]},"event_id":23,"event":"Sender","channel_flavor":"Unbounded","chan_id":{"det_thread_id":{"thread_id":[]},"channel_id":1},"type_name":""}
{"current_thread":{"thread_id":[]},"event_id":21,"event":{"RecvSucc":{"sender_thread":{"thread_id":[]}}},"channel_flavor":"Unbounded","chan_id":{"det_thread_id":{"thread_id":[]},"channel_id":1},"type_name":""}
{"current_thread":{"thread_id":[]},"event_id":22,"event":"IpcSender","channel_flavor":"Ipc","chan_id":{"det_thread_id":{"thread_id":[]},"channel_id":0},"type_name":""}
{"current_thread":{"thread_id":[0]},"event_id":24,"event":{"IpcSelect":{"select_events":[{"MessageReceived":[2307,{"thread_id":[]}]}]}},"channel_flavor":"IpcSelect","chan_id":{"det_thread_id":null,"channel_id":0},"type_name":"IpcSelect"}
{"current_thread":{"thread_id":[0]},"event_id":25,"event":"Sender","channel_flavor":"Unbounded","chan_id":{"det_thread_id":{"thread_id":[]},"channel_id":1},"type_name":""}
{"current_thread":{"thread_id":[]},"event_id":23,"event":{"RecvSucc":{"sender_thread":{"thread_id":[]}}},"channel_flavor":"Unbounded","chan_id":{"det_thread_id":{"thread_id":[]},"channel_id":1},"type_name":""}
{"current_thread":{"thread_id":[]},"event_id":24,"event":"IpcSender","channel_flavor":"Ipc","chan_id":{"det_thread_id":{"thread_id":[]},"channel_id":0},"type_name":""}
{"current_thread":{"thread_id":[0]},"event_id":26,"event":{"IpcSelect":{"select_events":[{"MessageReceived":[2307,{"thread_id":[]}]}]}},"channel_flavor":"IpcSelect","chan_id":{"det_thread_id":null,"channel_id":0},"type_name":"IpcSelect"}
{"current_thread":{"thread_id":[0]},"event_id":27,"event":"Sender","channel_flavor":"Unbounded","chan_id":{"det_thread_id":{"thread_id":[]},"channel_id":1},"type_name":""}
{"current_thread":{"thread_id":[]},"event_id":25,"event":{"RecvSucc":{"sender_thread":{"thread_id":[]}}},"channel_flavor":"Unbounded","chan_id":{"det_thread_id":{"thread_id":[]},"channel_id":1},"type_name":""}
{"current_thread":{"thread_id":[]},"event_id":26,"event":"IpcSender","channel_flavor":"Ipc","chan_id":{"det_thread_id":{"thread_id":[]},"channel_id":0},"type_name":""}
{"current_thread":{"thread_id":[0]},"event_id":28,"event":{"IpcSelect":{"select_events":[{"MessageReceived":[2307,{"thread_id":[]}]}]}},"channel_flavor":"IpcSelect","chan_id":{"det_thread_id":null,"channel_id":0},"type_name":"IpcSelect"}
{"current_thread":{"thread_id":[0]},"event_id":29,"event":"Sender","channel_flavor":"Unbounded","chan_id":{"det_thread_id":{"thread_id":[]},"channel_id":1},"type_name":""}
{"current_thread":{"thread_id":[]},"event_id":27,"event":{"RecvSucc":{"sender_thread":{"thread_id":[]}}},"channel_flavor":"Unbounded","chan_id":{"det_thread_id":{"thread_id":[]},"channel_id":1},"type_name":""}
{"current_thread":{"thread_id":[]},"event_id":28,"event":"IpcSender","channel_flavor":"Ipc","chan_id":{"det_thread_id":{"thread_id":[]},"channel_id":0},"type_name":""}
{"current_thread":{"thread_id":[0]},"event_id":30,"event":{"IpcSelect":{"select_events":[{"MessageReceived":[2307,{"thread_id":[]}]}]}},"channel_flavor":"IpcSelect","chan_id":{"det_thread_id":null,"channel_id":0},"type_name":"IpcSelect"}
{"current_thread":{"thread_id":[0]},"event_id":31,"event":"Sender","channel_flavor":"Unbounded","chan_id":{"det_thread_id":{"thread_id":[]},"channel_id":1},"type_name":""}
{"current_thread":{"thread_id":[]},"event_id":29,"event":{"RecvSucc":{"sender_thread":{"thread_id":[]}}},"channel_flavor":"Unbounded","chan_id":{"det_thread_id":{"thread_id":[]},"channel_id":1},"type_name":""}
{"current_thread":{"thread_id":[]},"event_id":30,"event":"IpcSender","channel_flavor":"Ipc","chan_id":{"det_thread_id":{"thread_id":[]},"channel_id":0},"type_name":""}
{"current_thread":{"thread_id":[0]},"event_id":32,"event":{"IpcSelect":{"select_events":[{"MessageReceived":[2307,{"thread_id":[]}]}]}},"channel_flavor":"IpcSelect","chan_id":{"det_thread_id":null,"channel_id":0},"type_name":"IpcSelect"}
{"current_thread":{"thread_id":[0]},"event_id":33,"event":"Sender","channel_flavor":"Unbounded","chan_id":{"det_thread_id":{"thread_id":[]},"channel_id":1},"type_name":""}
{"current_thread":{"thread_id":[]},"event_id":31,"event":{"RecvSucc":{"sender_thread":{"thread_id":[]}}},"channel_flavor":"Unbounded","chan_id":{"det_thread_id":{"thread_id":[]},"channel_id":1},"type_name":""}
{"current_thread":{"thread_id":[]},"event_id":32,"event":"IpcSender","channel_flavor":"Ipc","chan_id":{"det_thread_id":{"thread_id":[]},"channel_id":0},"type_name":""}
{"current_thread":{"thread_id":[0]},"event_id":34,"event":{"IpcSelect":{"select_events":[{"MessageReceived":[2307,{"thread_id":[]}]}]}},"channel_flavor":"IpcSelect","chan_id":{"det_thread_id":null,"channel_id":0},"type_name":"IpcSelect"}
{"current_thread":{"thread_id":[0]},"event_id":35,"event":"Sender","channel_flavor":"Unbounded","chan_id":{"det_thread_id":{"thread_id":[]},"channel_id":1},"type_name":""}
{"current_thread":{"thread_id":[]},"event_id":33,"event":{"RecvSucc":{"sender_thread":{"thread_id":[]}}},"channel_flavor":"Unbounded","chan_id":{"det_thread_id":{"thread_id":[]},"channel_id":1},"type_name":""}
{"current_thread":{"thread_id":[]},"event_id":34,"event":"IpcSender","channel_flavor":"Ipc","chan_id":{"det_thread_id":{"thread_id":[]},"channel_id":0},"type_name":""}
{"current_thread":{"thread_id":[0]},"event_id":36,"event":{"IpcSelect":{"select_events":[{"MessageReceived":[2307,{"thread_id":[]}]}]}},"channel_flavor":"IpcSelect","chan_id":{"det_thread_id":null,"channel_id":0},"type_name":"IpcSelect"}
{"current_thread":{"thread_id":[0]},"event_id":37,"event":"Sender","channel_flavor":"Unbounded","chan_id":{"det_thread_id":{"thread_id":[]},"channel_id":1},"type_name":""}
{"current_thread":{"thread_id":[]},"event_id":35,"event":{"RecvSucc":{"sender_thread":{"thread_id":[]}}},"channel_flavor":"Unbounded","chan_id":{"det_thread_id":{"thread_id":[]},"channel_id":1},"type_name":""}
{"current_thread":{"thread_id":[]},"event_id":36,"event":"IpcSender","channel_flavor":"Ipc","chan_id":{"det_thread_id":{"thread_id":[]},"channel_id":0},"type_name":""}
{"current_thread":{"thread_id":[0]},"event_id":38,"event":{"IpcSelect":{"select_events":[{"MessageReceived":[2307,{"thread_id":[]}]}]}},"channel_flavor":"IpcSelect","chan_id":{"det_thread_id":null,"channel_id":0},"type_name":"IpcSelect"}
{"current_thread":{"thread_id":[0]},"event_id":39,"event":"Sender","channel_flavor":"Unbounded","chan_id":{"det_thread_id":{"thread_id":[]},"channel_id":1},"type_name":""}
{"current_thread":{"thread_id":[]},"event_id":37,"event":{"RecvSucc":{"sender_thread":{"thread_id":[]}}},"channel_flavor":"Unbounded","chan_id":{"det_thread_id":{"thread_id":[]},"channel_id":1},"type_name":""}
{"current_thread":{"thread_id":[]},"event_id":38,"event":"IpcSender","channel_flavor":"Ipc","chan_id":{"det_thread_id":{"thread_id":[]},"channel_id":0},"type_name":""}
{"current_thread":{"thread_id":[0]},"event_id":40,"event":{"IpcSelect":{"select_events":[{"MessageReceived":[2307,{"thread_id":[]}]}]}},"channel_flavor":"IpcSelect","chan_id":{"det_thread_id":null,"channel_id":0},"type_name":"IpcSelect"}
{"current_thread":{"thread_id":[0]},"event_id":41,"event":"Sender","channel_flavor":"Unbounded","chan_id":{"det_thread_id":{"thread_id":[]},"channel_id":1},"type_name":""}
{"current_thread":{"thread_id":[]},"event_id":39,"event":{"RecvSucc":{"sender_thread":{"thread_id":[]}}},"channel_flavor":"Unbounded","chan_id":{"det_thread_id":{"thread_id":[]},"channel_id":1},"type_name":""}
